<?xml version="1.0" encoding="UTF-8"?>
<testng-results total="1" passed="1" failed="0" skipped="0">
  <reporter-output>
  </reporter-output>
  <suite started-at="2021-02-14T16:08:07Z" name="Surefire suite" finished-at="2021-02-14T16:08:07Z" duration-ms="310">
    <groups>
    </groups>
    <test started-at="2021-02-14T16:08:07Z" name="Surefire test" finished-at="2021-02-14T16:08:07Z" duration-ms="310">
      <class name="MyDirectory.MyBLogicTest">
        <test-method signature="editItem()[pri:0, instance:editItem(MyDirectory.MyBLogicTest)]" started-at="2021-02-14T20:08:07Z" name="editItem" finished-at="2021-02-14T20:08:07Z" duration-ms="169" status="PASS">
          <reporter-output>
          </reporter-output>
        </test-method> <!-- editItem -->
      </class> <!-- MyDirectory.MyBLogicTest -->
    </test> <!-- Surefire test -->
  </suite> <!-- Surefire suite -->
</testng-results>
