<?xml version="1.0" encoding="UTF-8"?>
<!-- Generated by org.testng.reporters.JUnitXMLReporter -->
<testsuite hostname="DESKTOP-U849O3D" failures="0" tests="6" name="Surefire test" time="0.03" errors="0" timestamp="14 Feb 2021 16:08:07 GMT">
  <testcase classname="MyDirectory.TestNgCalculatorTest" name="pushTest" time="0.0"/>
  <testcase classname="MyDirectory.TestNgCalculatorTest" name="pushTest" time="0.0"/>
  <testcase classname="MyDirectory.TestNgCalculatorTest" name="pushTest" time="0.0"/>
  <testcase classname="MyDirectory.TestNgCalculatorTest" name="testAdd" time="0.0"/>
  <testcase classname="MyDirectory.TestNgCalculatorTest" name="testAdd" time="0.0"/>
  <testcase classname="MyDirectory.TestNgCalculatorTest" name="testAdd" time="0.0"/>
</testsuite> <!-- Surefire test -->
