<?xml version="1.0" encoding="UTF-8"?>
<testng-results total="6" passed="6" failed="0" skipped="0">
  <reporter-output>
  </reporter-output>
  <suite started-at="2021-02-14T16:08:07Z" name="Surefire suite" finished-at="2021-02-14T16:08:07Z" duration-ms="30">
    <groups>
    </groups>
    <test started-at="2021-02-14T16:08:07Z" name="Surefire test" finished-at="2021-02-14T16:08:07Z" duration-ms="30">
      <class name="MyDirectory.TestNgCalculatorTest">
        <test-method is-config="true" signature="initialazing()[pri:0, instance:MyDirectory.TestNgCalculatorTest@15bfd87]" started-at="2021-02-14T20:08:07Z" name="initialazing" finished-at="2021-02-14T20:08:07Z" duration-ms="15" status="PASS">
          <reporter-output>
          </reporter-output>
        </test-method> <!-- initialazing -->
        <test-method signature="pushTest(int, int, int)[pri:0, instance:MyDirectory.TestNgCalculatorTest@15bfd87]" started-at="2021-02-14T20:08:07Z" name="pushTest" data-provider="Numbers for add" finished-at="2021-02-14T20:08:07Z" duration-ms="0" status="PASS">
          <params>
            <param index="0">
              <value>
                <![CDATA[1]]>
              </value>
            </param>
            <param index="1">
              <value>
                <![CDATA[2]]>
              </value>
            </param>
            <param index="2">
              <value>
                <![CDATA[3]]>
              </value>
            </param>
          </params>
          <reporter-output>
          </reporter-output>
        </test-method> <!-- pushTest -->
        <test-method signature="pushTest(int, int, int)[pri:0, instance:MyDirectory.TestNgCalculatorTest@15bfd87]" started-at="2021-02-14T20:08:07Z" name="pushTest" data-provider="Numbers for add" finished-at="2021-02-14T20:08:07Z" duration-ms="0" status="PASS">
          <params>
            <param index="0">
              <value>
                <![CDATA[3]]>
              </value>
            </param>
            <param index="1">
              <value>
                <![CDATA[4]]>
              </value>
            </param>
            <param index="2">
              <value>
                <![CDATA[7]]>
              </value>
            </param>
          </params>
          <reporter-output>
          </reporter-output>
        </test-method> <!-- pushTest -->
        <test-method signature="testAdd(int, int, int)[pri:0, instance:MyDirectory.TestNgCalculatorTest@15bfd87]" started-at="2021-02-14T20:08:07Z" name="testAdd" data-provider="Numbers for add" finished-at="2021-02-14T20:08:07Z" duration-ms="0" status="PASS">
          <params>
            <param index="0">
              <value>
                <![CDATA[1]]>
              </value>
            </param>
            <param index="1">
              <value>
                <![CDATA[2]]>
              </value>
            </param>
            <param index="2">
              <value>
                <![CDATA[3]]>
              </value>
            </param>
          </params>
          <reporter-output>
          </reporter-output>
        </test-method> <!-- testAdd -->
        <test-method signature="testAdd(int, int, int)[pri:0, instance:MyDirectory.TestNgCalculatorTest@15bfd87]" started-at="2021-02-14T20:08:07Z" name="testAdd" data-provider="Numbers for add" finished-at="2021-02-14T20:08:07Z" duration-ms="0" status="PASS">
          <params>
            <param index="0">
              <value>
                <![CDATA[3]]>
              </value>
            </param>
            <param index="1">
              <value>
                <![CDATA[4]]>
              </value>
            </param>
            <param index="2">
              <value>
                <![CDATA[7]]>
              </value>
            </param>
          </params>
          <reporter-output>
          </reporter-output>
        </test-method> <!-- testAdd -->
        <test-method signature="testAdd(int, int, int)[pri:0, instance:MyDirectory.TestNgCalculatorTest@15bfd87]" started-at="2021-02-14T20:08:07Z" name="testAdd" data-provider="Numbers for add" finished-at="2021-02-14T20:08:07Z" duration-ms="0" status="PASS">
          <params>
            <param index="0">
              <value>
                <![CDATA[8]]>
              </value>
            </param>
            <param index="1">
              <value>
                <![CDATA[9]]>
              </value>
            </param>
            <param index="2">
              <value>
                <![CDATA[17]]>
              </value>
            </param>
          </params>
          <reporter-output>
          </reporter-output>
        </test-method> <!-- testAdd -->
        <test-method signature="pushTest(int, int, int)[pri:0, instance:MyDirectory.TestNgCalculatorTest@15bfd87]" started-at="2021-02-14T20:08:07Z" name="pushTest" data-provider="Numbers for add" finished-at="2021-02-14T20:08:07Z" duration-ms="0" status="PASS">
          <params>
            <param index="0">
              <value>
                <![CDATA[8]]>
              </value>
            </param>
            <param index="1">
              <value>
                <![CDATA[9]]>
              </value>
            </param>
            <param index="2">
              <value>
                <![CDATA[17]]>
              </value>
            </param>
          </params>
          <reporter-output>
          </reporter-output>
        </test-method> <!-- pushTest -->
      </class> <!-- MyDirectory.TestNgCalculatorTest -->
    </test> <!-- Surefire test -->
  </suite> <!-- Surefire suite -->
</testng-results>
